Copyright 1986-2021 Xilinx, Inc. All Rights Reserved.
-----------------------------------------------------------------------------------------
| Tool Version      : Vivado v.2021.2 (lin64) Build 3367213 Tue Oct 19 02:47:39 MDT 2021
| Date              : Mon Feb 14 00:19:39 2022
| Host              : katana running 64-bit Ubuntu 20.04.3 LTS
| Command           : report_timing_summary -file timingsum.rpt
| Design            : toplevel
| Device            : xck26-sfvc784
| Speed File        : -2LV  PRODUCTION 1.29 08-03-2020
| Temperature Grade : C
-----------------------------------------------------------------------------------------

Timing Summary Report

------------------------------------------------------------------------------------------------
| Timer Settings
| --------------
------------------------------------------------------------------------------------------------

  Enable Multi Corner Analysis               :  Yes
  Enable Pessimism Removal                   :  Yes
  Pessimism Removal Resolution               :  Nearest Common Node
  Enable Input Delay Default Clock           :  No
  Enable Preset / Clear Arcs                 :  No
  Disable Flight Delays                      :  No
  Ignore I/O Paths                           :  No
  Timing Early Launch at Borrowing Latches   :  No
  Borrow Time for Max Delay Exceptions       :  Yes
  Merge Timing Exceptions                    :  Yes

  Corner  Analyze    Analyze    
  Name    Max Paths  Min Paths  
  ------  ---------  ---------  
  Slow    Yes        Yes        
  Fast    Yes        Yes        


------------------------------------------------------------------------------------------------
| Report Methodology
| ------------------
------------------------------------------------------------------------------------------------

No report available as report_methodology has not been run prior. Run report_methodology on the current design for the summary of methodology violations.



check_timing report

Table of Contents
-----------------
1. checking no_clock (0)
2. checking constant_clock (0)
3. checking pulse_width_clock (0)
4. checking unconstrained_internal_endpoints (0)
5. checking no_input_delay (257)
6. checking no_output_delay (128)
7. checking multiple_clock (0)
8. checking generated_clocks (0)
9. checking loops (0)
10. checking partial_input_delay (0)
11. checking partial_output_delay (0)
12. checking latch_loops (0)

1. checking no_clock (0)
------------------------
 There are 0 register/latch pins with no clock.


2. checking constant_clock (0)
------------------------------
 There are 0 register/latch pins with constant_clock.


3. checking pulse_width_clock (0)
---------------------------------
 There are 0 register/latch pins which need pulse_width check


4. checking unconstrained_internal_endpoints (0)
------------------------------------------------
 There are 0 pins that are not constrained for maximum delay.

 There are 0 pins that are not constrained for maximum delay due to constant clock.


5. checking no_input_delay (257)
--------------------------------
 There are 257 input ports with no input delay specified. (HIGH)

 There are 0 input ports with no input delay but user has a false path constraint.


6. checking no_output_delay (128)
---------------------------------
 There are 128 ports with no output delay specified. (HIGH)

 There are 0 ports with no output delay but user has a false path constraint

 There are 0 ports with no output delay but with a timing clock defined on it or propagating through it


7. checking multiple_clock (0)
------------------------------
 There are 0 register/latch pins with multiple clocks.


8. checking generated_clocks (0)
--------------------------------
 There are 0 generated clocks that are not connected to a clock source.


9. checking loops (0)
---------------------
 There are 0 combinational loops in the design.


10. checking partial_input_delay (0)
------------------------------------
 There are 0 input ports with partial input delay specified.


11. checking partial_output_delay (0)
-------------------------------------
 There are 0 ports with partial output delay specified.


12. checking latch_loops (0)
----------------------------
 There are 0 combinational latch loops in the design through latch input



------------------------------------------------------------------------------------------------
| Design Timing Summary
| ---------------------
------------------------------------------------------------------------------------------------

    WNS(ns)      TNS(ns)  TNS Failing Endpoints  TNS Total Endpoints      WHS(ns)      THS(ns)  THS Failing Endpoints  THS Total Endpoints     WPWS(ns)     TPWS(ns)  TPWS Failing Endpoints  TPWS Total Endpoints  
    -------      -------  ---------------------  -------------------      -------      -------  ---------------------  -------------------     --------     --------  ----------------------  --------------------  
      0.532        0.000                      0                 3616        0.116        0.000                      0                 3616        0.423        0.000                       0                  1608  


All user specified timing constraints are met.


------------------------------------------------------------------------------------------------
| Clock Summary
| -------------
------------------------------------------------------------------------------------------------

Clock  Waveform(ns)         Period(ns)      Frequency(MHz)
-----  ------------         ----------      --------------
clock  {0.000 1.000}        8.000           125.000         


------------------------------------------------------------------------------------------------
| Intra Clock Table
| -----------------
------------------------------------------------------------------------------------------------

Clock             WNS(ns)      TNS(ns)  TNS Failing Endpoints  TNS Total Endpoints      WHS(ns)      THS(ns)  THS Failing Endpoints  THS Total Endpoints     WPWS(ns)     TPWS(ns)  TPWS Failing Endpoints  TPWS Total Endpoints  
-----             -------      -------  ---------------------  -------------------      -------      -------  ---------------------  -------------------     --------     --------  ----------------------  --------------------  
clock               0.532        0.000                      0                 3616        0.116        0.000                      0                 3616        0.423        0.000                       0                  1608  


------------------------------------------------------------------------------------------------
| Inter Clock Table
| -----------------
------------------------------------------------------------------------------------------------

From Clock    To Clock          WNS(ns)      TNS(ns)  TNS Failing Endpoints  TNS Total Endpoints      WHS(ns)      THS(ns)  THS Failing Endpoints  THS Total Endpoints  
----------    --------          -------      -------  ---------------------  -------------------      -------      -------  ---------------------  -------------------  


------------------------------------------------------------------------------------------------
| Other Path Groups Table
| -----------------------
------------------------------------------------------------------------------------------------

Path Group    From Clock    To Clock          WNS(ns)      TNS(ns)  TNS Failing Endpoints  TNS Total Endpoints      WHS(ns)      THS(ns)  THS Failing Endpoints  THS Total Endpoints  
----------    ----------    --------          -------      -------  ---------------------  -------------------      -------      -------  ---------------------  -------------------  


------------------------------------------------------------------------------------------------
| Timing Details
| --------------
------------------------------------------------------------------------------------------------


---------------------------------------------------------------------------------------------------
From Clock:  clock
  To Clock:  clock

Setup :            0  Failing Endpoints,  Worst Slack        0.532ns,  Total Violation        0.000ns
Hold  :            0  Failing Endpoints,  Worst Slack        0.116ns,  Total Violation        0.000ns
PW    :            0  Failing Endpoints,  Worst Slack        0.423ns,  Total Violation        0.000ns
---------------------------------------------------------------------------------------------------


Max Delay Paths
--------------------------------------------------------------------------------------
Slack (MET) :             0.532ns  (required time - arrival time)
  Source:                 tmp75_reg/CLKARDCLK
                            (rising edge-triggered cell RAMB18E2 clocked by clock  {rise@0.000ns fall@1.000ns period=8.000ns})
  Destination:            tmp2133_reg_i_23/ADDRBWRADDR[10]
                            (rising edge-triggered cell RAMB18E2 clocked by clock  {rise@0.000ns fall@1.000ns period=8.000ns})
  Path Group:             clock
  Path Type:              Setup (Max at Slow Process Corner)
  Requirement:            8.000ns  (clock rise@8.000ns - clock rise@0.000ns)
  Data Path Delay:        6.926ns  (logic 2.175ns (31.403%)  route 4.751ns (68.597%))
  Logic Levels:           6  (LUT4=1 LUT5=1 LUT6=3 MUXF7=1)
  Clock Path Skew:        -0.056ns (DCD - SCD + CPR)
    Destination Clock Delay (DCD):    0.048ns = ( 8.048 - 8.000 ) 
    Source Clock Delay      (SCD):    0.104ns
    Clock Pessimism Removal (CPR):    0.000ns
  Clock Uncertainty:      0.035ns  ((TSJ^2 + TIJ^2)^1/2 + DJ) / 2 + PE
    Total System Jitter     (TSJ):    0.071ns
    Total Input Jitter      (TIJ):    0.000ns
    Discrete Jitter          (DJ):    0.000ns
    Phase Error              (PE):    0.000ns

    Location             Delay type                Incr(ns)  Path(ns)    Netlist Resource(s)
  -------------------------------------------------------------------    -------------------
                         (clock clock rise edge)      0.000     0.000 r  
                                                      0.000     0.000 r  clock (IN)
                         net (fo=1607, unset)         0.104     0.104    clock
    RAMB18_X2Y29         RAMB18E2                                     r  tmp75_reg/CLKARDCLK
  -------------------------------------------------------------------    -------------------
    RAMB18_X2Y29         RAMB18E2 (Prop_RAMB18E2_U_RAMB181_CLKARDCLK_DOUTADOUT[0])
                                                      1.353     1.457 r  tmp75_reg/DOUTADOUT[0]
                         net (fo=8, routed)           0.819     2.276    tmp75_reg__0[0]
    SLICE_X48Y78         LUT6 (Prop_F6LUT_SLICEL_I1_O)
                                                      0.224     2.500 r  aes_ciphertext[72]_INST_0_i_1/O
                         net (fo=9, routed)           1.525     4.025    tmp133__0[104]
    SLICE_X51Y150        LUT4 (Prop_D5LUT_SLICEL_I2_O)
                                                      0.088     4.113 r  g0_b0__140_i_7/O
                         net (fo=1, routed)           0.691     4.804    tmp206__0[104]
    SLICE_X47Y160        LUT5 (Prop_E6LUT_SLICEL_I0_O)
                                                      0.057     4.861 r  g0_b0__140_i_1/O
                         net (fo=32, routed)          0.831     5.692    tmp1889[104]
    SLICE_X49Y185        LUT6 (Prop_C6LUT_SLICEL_I0_O)
                                                      0.221     5.913 r  g1_b6__140/O
                         net (fo=2, routed)           0.015     5.928    g1_b6__140_n_0
    SLICE_X49Y185        MUXF7 (Prop_F7MUX_CD_SLICEL_I1_O)
                                                      0.096     6.024 r  tmp2133_reg_i_48/O
                         net (fo=1, routed)           0.254     6.278    tmp2133_reg_i_48_n_0
    SLICE_X49Y185        LUT6 (Prop_F6LUT_SLICEL_I0_O)
                                                      0.136     6.414 r  tmp2133_reg_i_32/O
                         net (fo=2, routed)           0.616     7.030    tmp2133_reg_i_32_n_0
    RAMB18_X1Y75         RAMB18E2                                     r  tmp2133_reg_i_23/ADDRBWRADDR[10]
  -------------------------------------------------------------------    -------------------

                         (clock clock rise edge)      8.000     8.000 r  
                                                      0.000     8.000 r  clock (IN)
                         net (fo=1607, unset)         0.048     8.048    clock
    RAMB18_X1Y75         RAMB18E2                                     r  tmp2133_reg_i_23/CLKBWRCLK
                         clock pessimism              0.000     8.048    
                         clock uncertainty           -0.035     8.013    
    RAMB18_X1Y75         RAMB18E2 (Setup_RAMB18E2_U_RAMB181_CLKBWRCLK_ADDRBWRADDR[10])
                                                     -0.451     7.562    tmp2133_reg_i_23
  -------------------------------------------------------------------
                         required time                          7.562    
                         arrival time                          -7.030    
  -------------------------------------------------------------------
                         slack                                  0.532    





Min Delay Paths
--------------------------------------------------------------------------------------
Slack (MET) :             0.116ns  (arrival time - required time)
  Source:                 sel[5]__1/C
                            (rising edge-triggered cell FDRE clocked by clock  {rise@0.000ns fall@1.000ns period=8.000ns})
  Destination:            tmp340_reg[6]/D
                            (rising edge-triggered cell FDRE clocked by clock  {rise@0.000ns fall@1.000ns period=8.000ns})
  Path Group:             clock
  Path Type:              Hold (Min at Fast Process Corner)
  Requirement:            0.000ns  (clock rise@0.000ns - clock rise@0.000ns)
  Data Path Delay:        0.168ns  (logic 0.084ns (50.000%)  route 0.084ns (50.000%))
  Logic Levels:           0  
  Clock Path Skew:        0.007ns (DCD - SCD - CPR)
    Destination Clock Delay (DCD):    0.021ns
    Source Clock Delay      (SCD):    0.014ns
    Clock Pessimism Removal (CPR):    -0.000ns

    Location             Delay type                Incr(ns)  Path(ns)    Netlist Resource(s)
  -------------------------------------------------------------------    -------------------
                         (clock clock rise edge)      0.000     0.000 r  
                                                      0.000     0.000 r  clock (IN)
                         net (fo=1607, unset)         0.014     0.014    clock
    SLICE_X27Y86         FDRE                                         r  sel[5]__1/C
  -------------------------------------------------------------------    -------------------
    SLICE_X27Y86         FDRE (Prop_GFF_SLICEL_C_Q)
                                                      0.084     0.098 r  sel[5]__1/Q
                         net (fo=5, routed)           0.084     0.182    sel[5]__1_n_0
    SLICE_X28Y85         FDRE                                         r  tmp340_reg[6]/D
  -------------------------------------------------------------------    -------------------

                         (clock clock rise edge)      0.000     0.000 r  
                                                      0.000     0.000 r  clock (IN)
                         net (fo=1607, unset)         0.021     0.021    clock
    SLICE_X28Y85         FDRE                                         r  tmp340_reg[6]/C
                         clock pessimism              0.000     0.021    
    SLICE_X28Y85         FDRE (Hold_EFF2_SLICEM_C_D)
                                                      0.045     0.066    tmp340_reg[6]
  -------------------------------------------------------------------
                         required time                         -0.066    
                         arrival time                           0.182    
  -------------------------------------------------------------------
                         slack                                  0.116    





Pulse Width Checks
--------------------------------------------------------------------------------------
Clock Name:         clock
Waveform(ns):       { 0.000 1.000 }
Period(ns):         8.000
Sources:            { clock }

Check Type        Corner  Lib Pin             Reference Pin  Required(ns)  Actual(ns)  Slack(ns)  Location      Pin
Min Period        n/a     RAMB18E2/CLKARDCLK  n/a            1.709         8.000       6.291      RAMB18_X1Y53  g0_b0__101_i_8/CLKARDCLK
Low Pulse Width   Slow    RAMB18E2/CLKARDCLK  n/a            0.577         7.000       6.423      RAMB18_X1Y53  g0_b0__101_i_8/CLKARDCLK
High Pulse Width  Slow    RAMB18E2/CLKARDCLK  n/a            0.577         1.000       0.423      RAMB18_X1Y53  g0_b0__101_i_8/CLKARDCLK



